<?xml version="1.0" encoding="UTF-8"?>
<testsuite xmlns:xsi="http://www.w3.org/2001/XMLSchema-instance" xsi:noNamespaceSchemaLocation="https://maven.apache.org/surefire/maven-failsafe-plugin/xsd/failsafe-test-report-3.0.xsd" version="3.0" name="io.quarkus.workshop.superheroes.hero.NativeHeroResourceIT" time="18.581" tests="8" errors="0" skipped="0" failures="0">
  <properties>
[...]
</properties>
  <testcase name="shouldGetInitialItems" classname="io.quarkus.workshop.superheroes.hero.NativeHeroResourceIT" time="1.638">
    <system-out><![CDATA[Executing [c:\ikostin\CGI\Quarkus\quarkus-super-heroes-workshop\super-heroes\rest-hero\target/rest-hero-1.0-SNAPSHOT-runner, -Dquarkus.http.port=8081, -Dquarkus.http.ssl-port=8444, -Dtest.url=http://localhost:8081, -Dquarkus.log.file.path=c:\ikostin\CGI\Quarkus\quarkus-super-heroes-workshop\super-heroes\rest-hero\target\quarkus.log, -Dquarkus.log.file.enable=true, -Dquarkus.datasource.jdbc.url=jdbc:postgresql://192.168.99.100:32773/heroes_database?loggerLevel=OFF]
Hibernate: 
    
    drop table if exists Hero cascade
__  ____  __  _____   ___  __ ____  ______ 
 --/ __ \/ / / / _ | / _ \/ //_/ / / / __/ 
 -/ /_/ / /_/ / __ |/ , _/ ,< / /_/ /\ \   
--\___\_\____/_/ |_/_/|_/_/|_|\____/___/   
&amp#27;[38;5;145m21:08:46&amp#27;[39m&amp#27;[38;5;188m &amp#27;[39m&amp#27;[38;5;137mWARN &amp#27;[39m&amp#27;[38;5;188m [&amp#27;[39m&amp#27;[38;5;69mor.hi.en.jd.sp.SqlExceptionHelper&amp#27;[39m&amp#27;[38;5;188m] (&amp#27;[39m&amp#27;[38;5;71mmain&amp#27;[39m&amp#27;[38;5;188m) &amp#27;[39m&amp#27;[38;5;151mSQL Warning Code: 0, SQLState: 00000&amp#27;[39m&amp#27;[38;5;203m&amp#27;[39m&amp#27;[38;5;227m
&amp#27;[39m&amp#27;[38;5;145m21:08:46&amp#27;[39m&amp#27;[38;5;188m &amp#27;[39m&amp#27;[38;5;137mWARN &amp#27;[39m&amp#27;[38;5;188m [&amp#27;[39m&amp#27;[38;5;69mor.hi.en.jd.sp.SqlExceptionHelper&amp#27;[39m&amp#27;[38;5;188m] (&amp#27;[39m&amp#27;[38;5;71mmain&amp#27;[39m&amp#27;[38;5;188m) &amp#27;[39m&amp#27;[38;5;151mtable "hero" does not exist, skipping&amp#27;[39m&amp#27;[38;5;203m&amp#27;[39m&amp#27;[38;5;227m
&amp#27;[39mHibernate: 
    
    drop sequence if exists hibernate_sequence
&amp#27;[38;5;145m21:08:46&amp#27;[39m&amp#27;[38;5;188m &amp#27;[39m&amp#27;[38;5;137mWARN &amp#27;[39m&amp#27;[38;5;188m [&amp#27;[39m&amp#27;[38;5;69mor.hi.en.jd.sp.SqlExceptionHelper&amp#27;[39m&amp#27;[38;5;188m] (&amp#27;[39m&amp#27;[38;5;71mmain&amp#27;[39m&amp#27;[38;5;188m) &amp#27;[39m&amp#27;[38;5;151mSQL Warning Code: 0, SQLState: 00000&amp#27;[39m&amp#27;[38;5;203m&amp#27;[39m&amp#27;[38;5;227m
&amp#27;[39m&amp#27;[38;5;145m21:08:46&amp#27;[39m&amp#27;[38;5;188m &amp#27;[39m&amp#27;[38;5;137mWARN &amp#27;[39m&amp#27;[38;5;188m [&amp#27;[39m&amp#27;[38;5;69mor.hi.en.jd.sp.SqlExceptionHelper&amp#27;[39m&amp#27;[38;5;188m] (&amp#27;[39m&amp#27;[38;5;71mmain&amp#27;[39m&amp#27;[38;5;188m) &amp#27;[39m&amp#27;[38;5;151msequence "hibernate_sequence" does not exist, skipping&amp#27;[39m&amp#27;[38;5;203m&amp#27;[39m&amp#27;[38;5;227m
&amp#27;[39mHibernate: create sequence hibernate_sequence start 1 increment 1
Hibernate: 
    
    create table Hero (
       id int8 not null,
        level int4 not null,
        name varchar(255),
        otherName varchar(255),
        picture varchar(255),
        powers TEXT,
        primary key (id)
    )
&amp#27;[38;5;145m21:08:46&amp#27;[39m&amp#27;[38;5;188m &amp#27;[39m&amp#27;[38;5;107mINFO &amp#27;[39m&amp#27;[38;5;188m [&amp#27;[39m&amp#27;[38;5;69mio.qu.wo.su.he.HeroApplicationLifeCycle&amp#27;[39m&amp#27;[38;5;188m] (&amp#27;[39m&amp#27;[38;5;71mmain&amp#27;[39m&amp#27;[38;5;188m) &amp#27;[39m&amp#27;[38;5;151m  _   _                      _    ____ ___ &amp#27;[39m&amp#27;[38;5;203m&amp#27;[39m&amp#27;[38;5;227m
&amp#27;[39m&amp#27;[38;5;145m21:08:46&amp#27;[39m&amp#27;[38;5;188m &amp#27;[39m&amp#27;[38;5;107mINFO &amp#27;[39m&amp#27;[38;5;188m [&amp#27;[39m&amp#27;[38;5;69mio.qu.wo.su.he.HeroApplicationLifeCycle&amp#27;[39m&amp#27;[38;5;188m] (&amp#27;[39m&amp#27;[38;5;71mmain&amp#27;[39m&amp#27;[38;5;188m) &amp#27;[39m&amp#27;[38;5;151m | | | | ___ _ __ ___       / \  |  _ \_ _|&amp#27;[39m&amp#27;[38;5;203m&amp#27;[39m&amp#27;[38;5;227m
&amp#27;[39m&amp#27;[38;5;145m21:08:46&amp#27;[39m&amp#27;[38;5;188m &amp#27;[39m&amp#27;[38;5;107mINFO &amp#27;[39m&amp#27;[38;5;188m [&amp#27;[39m&amp#27;[38;5;69mio.qu.wo.su.he.HeroApplicationLifeCycle&amp#27;[39m&amp#27;[38;5;188m] (&amp#27;[39m&amp#27;[38;5;71mmain&amp#27;[39m&amp#27;[38;5;188m) &amp#27;[39m&amp#27;[38;5;151m | |_| |/ _ \ '__/ _ \     / _ \ | |_) | | &amp#27;[39m&amp#27;[38;5;203m&amp#27;[39m&amp#27;[38;5;227m
&amp#27;[39m&amp#27;[38;5;145m21:08:46&amp#27;[39m&amp#27;[38;5;188m &amp#27;[39m&amp#27;[38;5;107mINFO &amp#27;[39m&amp#27;[38;5;188m [&amp#27;[39m&amp#27;[38;5;69mio.qu.wo.su.he.HeroApplicationLifeCycle&amp#27;[39m&amp#27;[38;5;188m] (&amp#27;[39m&amp#27;[38;5;71mmain&amp#27;[39m&amp#27;[38;5;188m) &amp#27;[39m&amp#27;[38;5;151m |  _  |  __/ | | (_) |   / ___ \|  __/| | &amp#27;[39m&amp#27;[38;5;203m&amp#27;[39m&amp#27;[38;5;227m
&amp#27;[39m&amp#27;[38;5;145m21:08:46&amp#27;[39m&amp#27;[38;5;188m &amp#27;[39m&amp#27;[38;5;107mINFO &amp#27;[39m&amp#27;[38;5;188m [&amp#27;[39m&amp#27;[38;5;69mio.qu.wo.su.he.HeroApplicationLifeCycle&amp#27;[39m&amp#27;[38;5;188m] (&amp#27;[39m&amp#27;[38;5;71mmain&amp#27;[39m&amp#27;[38;5;188m) &amp#27;[39m&amp#27;[38;5;151m |_| |_|\___|_|  \___/   /_/   \_\_|  |___|&amp#27;[39m&amp#27;[38;5;203m&amp#27;[39m&amp#27;[38;5;227m
&amp#27;[39m&amp#27;[38;5;145m21:08:46&amp#27;[39m&amp#27;[38;5;188m &amp#27;[39m&amp#27;[38;5;107mINFO &amp#27;[39m&amp#27;[38;5;188m [&amp#27;[39m&amp#27;[38;5;69mio.qu.wo.su.he.HeroApplicationLifeCycle&amp#27;[39m&amp#27;[38;5;188m] (&amp#27;[39m&amp#27;[38;5;71mmain&amp#27;[39m&amp#27;[38;5;188m) &amp#27;[39m&amp#27;[38;5;151m                         Powered by Quarkus&amp#27;[39m&amp#27;[38;5;203m&amp#27;[39m&amp#27;[38;5;227m
&amp#27;[39m&amp#27;[38;5;145m21:08:46&amp#27;[39m&amp#27;[38;5;188m &amp#27;[39m&amp#27;[38;5;107mINFO &amp#27;[39m&amp#27;[38;5;188m [&amp#27;[39m&amp#27;[38;5;69mio.qu.wo.su.he.HeroApplicationLifeCycle&amp#27;[39m&amp#27;[38;5;188m] (&amp#27;[39m&amp#27;[38;5;71mmain&amp#27;[39m&amp#27;[38;5;188m) &amp#27;[39m&amp#27;[38;5;151m&amp#27;[39mThe application HERO is starting with profile `&amp#27;[38;5;188mprod&amp#27;[39m`&amp#27;[39m&amp#27;[38;5;203m&amp#27;[39m&amp#27;[38;5;227m
&amp#27;[39m&amp#27;[38;5;145m21:08:46&amp#27;[39m&amp#27;[38;5;188m &amp#27;[39m&amp#27;[38;5;107mINFO &amp#27;[39m&amp#27;[38;5;188m [&amp#27;[39m&amp#27;[38;5;69mio.quarkus&amp#27;[39m&amp#27;[38;5;188m] (&amp#27;[39m&amp#27;[38;5;71mmain&amp#27;[39m&amp#27;[38;5;188m) &amp#27;[39m&amp#27;[38;5;151m&amp#27;[39m&amp#27;[38;5;188mrest-hero&amp#27;[39m &amp#27;[38;5;188m1.0-SNAPSHOT&amp#27;[39m &amp#27;[38;5;188mnative&amp#27;[39m (powered by Quarkus &amp#27;[38;5;188m1.13.1.Final&amp#27;[39m) started in &amp#27;[38;5;188m0.512&amp#27;[39ms. &amp#27;[38;5;188mListening on: http://0.0.0.0:8081&amp#27;[39m&amp#27;[39m&amp#27;[38;5;203m&amp#27;[39m&amp#27;[38;5;227m
&amp#27;[39m&amp#27;[38;5;145m21:08:46&amp#27;[39m&amp#27;[38;5;188m &amp#27;[39m&amp#27;[38;5;107mINFO &amp#27;[39m&amp#27;[38;5;188m [&amp#27;[39m&amp#27;[38;5;69mio.quarkus&amp#27;[39m&amp#27;[38;5;188m] (&amp#27;[39m&amp#27;[38;5;71mmain&amp#27;[39m&amp#27;[38;5;188m) &amp#27;[39m&amp#27;[38;5;151m&amp#27;[39mProfile &amp#27;[38;5;188mprod&amp#27;[39m activated. &amp#27;[38;5;188m&amp#27;[39m&amp#27;[39m&amp#27;[38;5;203m&amp#27;[39m&amp#27;[38;5;227m
&amp#27;[39m&amp#27;[38;5;145m21:08:46&amp#27;[39m&amp#27;[38;5;188m &amp#27;[39m&amp#27;[38;5;107mINFO &amp#27;[39m&amp#27;[38;5;188m [&amp#27;[39m&amp#27;[38;5;69mio.quarkus&amp#27;[39m&amp#27;[38;5;188m] (&amp#27;[39m&amp#27;[38;5;71mmain&amp#27;[39m&amp#27;[38;5;188m) &amp#27;[39m&amp#27;[38;5;151m&amp#27;[39mInstalled features: [&amp#27;[38;5;188magroal, cdi, hibernate-orm, hibernate-orm-panache, hibernate-validator, jdbc-postgresql, mutiny, narayana-jta, resteasy, resteasy-jsonb, smallrye-context-propagation, smallrye-openapi, vertx&amp#27;[39m]&amp#27;[39m&amp#27;[38;5;203m&amp#27;[39m&amp#27;[38;5;227m
&amp#27;[39mHibernate: 
    select
        hero0_.id as id1_0_,
        hero0_.level as level2_0_,
        hero0_.name as name3_0_,
        hero0_.otherName as othernam4_0_,
        hero0_.picture as picture5_0_,
        hero0_.powers as powers6_0_ 
    from
        Hero hero0_
]]></system-out>
    <system-err><![CDATA[???. 17, 2021 9:08:32 PM org.jboss.threads.Version <clinit>
INFO: JBoss Threads version 3.2.0.Final
???. 17, 2021 9:08:33 PM org.hibernate.Version logVersion
INFO: HHH000412: Hibernate ORM core version 5.4.29.Final
]]></system-err>
  </testcase>
  <testcase name="shouldAddAnItem" classname="io.quarkus.workshop.superheroes.hero.NativeHeroResourceIT" time="0.771">
    <system-out><![CDATA[Hibernate: 
    select
        nextval ('hibernate_sequence')
Hibernate: 
    insert 
    into
        Hero
        (level, name, otherName, picture, powers, id) 
    values
        (?, ?, ?, ?, ?, ?)
Hibernate: 
    select
        hero0_.id as id1_0_0_,
        hero0_.level as level2_0_0_,
        hero0_.name as name3_0_0_,
        hero0_.otherName as othernam4_0_0_,
        hero0_.picture as picture5_0_0_,
        hero0_.powers as powers6_0_0_ 
    from
        Hero hero0_ 
    where
        hero0_.id=?
Hibernate: 
    select
        hero0_.id as id1_0_,
        hero0_.level as level2_0_,
        hero0_.name as name3_0_,
        hero0_.otherName as othernam4_0_,
        hero0_.picture as picture5_0_,
        hero0_.powers as powers6_0_ 
    from
        Hero hero0_
]]></system-out>
  </testcase>
  <testcase name="shouldUpdateAnItem" classname="io.quarkus.workshop.superheroes.hero.NativeHeroResourceIT" time="0.109">
    <system-out><![CDATA[Hibernate: 
    select
        hero0_.id as id1_0_0_,
        hero0_.level as level2_0_0_,
        hero0_.name as name3_0_0_,
        hero0_.otherName as othernam4_0_0_,
        hero0_.picture as picture5_0_0_,
        hero0_.powers as powers6_0_0_ 
    from
        Hero hero0_ 
    where
        hero0_.id=?
Hibernate: 
    update
        Hero 
    set
        level=?,
        name=?,
        otherName=?,
        picture=?,
        powers=? 
    where
        id=?
Hibernate: 
    select
        hero0_.id as id1_0_,
        hero0_.level as level2_0_,
        hero0_.name as name3_0_,
        hero0_.otherName as othernam4_0_,
        hero0_.picture as picture5_0_,
        hero0_.powers as powers6_0_ 
    from
        Hero hero0_
]]></system-out>
  </testcase>
  <testcase name="shouldRemoveAnItem" classname="io.quarkus.workshop.superheroes.hero.NativeHeroResourceIT" time="0.037">
    <system-out><![CDATA[Hibernate: 
    select
        hero0_.id as id1_0_0_,
        hero0_.level as level2_0_0_,
        hero0_.name as name3_0_0_,
        hero0_.otherName as othernam4_0_0_,
        hero0_.picture as picture5_0_0_,
        hero0_.powers as powers6_0_0_ 
    from
        Hero hero0_ 
    where
        hero0_.id=?
Hibernate: 
    delete 
    from
        Hero 
    where
        id=?
Hibernate: 
    select
        hero0_.id as id1_0_,
        hero0_.level as level2_0_,
        hero0_.name as name3_0_,
        hero0_.otherName as othernam4_0_,
        hero0_.picture as picture5_0_,
        hero0_.powers as powers6_0_ 
    from
        Hero hero0_
]]></system-out>
  </testcase>
  <testcase name="shouldNotAddInvalidItem" classname="io.quarkus.workshop.superheroes.hero.NativeHeroResourceIT" time="0.018"/>
  <testcase name="shouldNotGetUnknownHero" classname="io.quarkus.workshop.superheroes.hero.NativeHeroResourceIT" time="0.02">
    <system-out><![CDATA[Hibernate: 
    select
        hero0_.id as id1_0_0_,
        hero0_.level as level2_0_0_,
        hero0_.name as name3_0_0_,
        hero0_.otherName as othernam4_0_0_,
        hero0_.picture as picture5_0_0_,
        hero0_.powers as powers6_0_0_ 
    from
        Hero hero0_ 
    where
        hero0_.id=?
]]></system-out>
  </testcase>
  <testcase name="testHelloEndpoint" classname="io.quarkus.workshop.superheroes.hero.NativeHeroResourceIT" time="0.019"/>
  <testcase name="shouldPingOpenAPI" classname="io.quarkus.workshop.superheroes.hero.NativeHeroResourceIT" time="0.019"/>
</testsuite>